{
  "RSpec": {
    "coverage": {
      "/Users/student/Documents/makersProjects/week6DBandWEB/bookmark-manager/spec/feature/display_bookmarks_spec.rb": [
        1,
        1,
        1,
        null,
        1,
        1,
        null,
        null,
        1,
        1,
        1,
        1,
        1,
        1,
        null,
        null
      ],
      "/Users/student/Documents/makersProjects/week6DBandWEB/bookmark-manager/spec/feature/test_inrfactructure_spec.rb": [
        1,
        1,
        1,
        1,
        null,
        null
      ],
      "/Users/student/Documents/makersProjects/week6DBandWEB/bookmark-manager/spec/unit/bookmark_spec.rb": [
        1,
        null,
        1,
        3,
        1,
        null,
        1,
        null,
        1,
        1,
        1,
        1,
        null,
        null
      ]
    },
    "timestamp": 1559668289
  }
}
